2025-01-13T20:49:22.230+0100 INFO               [main]                         be.pxl.services.controller.PostControllerTest - Starting PostControllerTest using Java 23.0.1 with PID 8444 (started by Gebruiker in C:\Users\Gebruiker\Documents\School\PXL\Fullstack\Java\project-HarleenBhandalPXL\backend-java\Contentbeheer\post-service)
2025-01-13T20:49:22.242+0100 DEBUG              [main]                         be.pxl.services.controller.PostControllerTest - Running with Spring Boot v3.3.4, Spring v6.1.13
2025-01-13T20:49:22.243+0100 INFO               [main]                         be.pxl.services.controller.PostControllerTest - No active profile set, falling back to 1 default profile: "default"
2025-01-13T20:49:32.635+0100 INFO               [main]                         be.pxl.services.controller.PostControllerTest - Started PostControllerTest in 13.274 seconds (process running for 38.572)
2025-01-13T20:49:33.941+0100 INFO               [main]                         be.pxl.services.services.PostService - Post created with id: 1
2025-01-13T20:49:34.215+0100 INFO               [main]                         be.pxl.services.services.PostService - Post rejected with id: 5 by Test reviewer
2025-01-13T20:49:34.330+0100 INFO               [main]                         be.pxl.services.services.PostService - Post updated with id: 7
2025-01-13T20:49:34.365+0100 INFO               [main]                         be.pxl.services.services.PostService - Post saved as concept with id: null by Concept author
2025-01-13T20:49:34.452+0100 INFO               [main]                         be.pxl.services.services.PostService - Post approved with id: 9
2025-01-13T20:49:34.604+0100 INFO               [main]                         be.pxl.services.services.PostService - Post updated to pending with id: 12
2025-01-13T20:50:04.468+0100 INFO               [main]                         be.pxl.services.service.PostServiceTest - Starting PostServiceTest using Java 23.0.1 with PID 8444 (started by Gebruiker in C:\Users\Gebruiker\Documents\School\PXL\Fullstack\Java\project-HarleenBhandalPXL\backend-java\Contentbeheer\post-service)
2025-01-13T20:50:04.468+0100 DEBUG              [main]                         be.pxl.services.service.PostServiceTest - Running with Spring Boot v3.3.4, Spring v6.1.13
2025-01-13T20:50:04.469+0100 INFO               [main]                         be.pxl.services.service.PostServiceTest - No active profile set, falling back to 1 default profile: "default"
2025-01-13T20:50:07.492+0100 INFO               [main]                         be.pxl.services.service.PostServiceTest - Started PostServiceTest in 4.316 seconds (process running for 73.428)
2025-01-13T20:50:07.736+0100 INFO               [main]                         be.pxl.services.services.PostService - Post rejected with id: 5 by Test reviewer
2025-01-13T20:50:07.890+0100 INFO               [main]                         be.pxl.services.services.PostService - Post updated with id: 9
2025-01-13T20:50:07.940+0100 INFO               [main]                         be.pxl.services.services.PostService - Post updated with id: 10
2025-01-13T20:50:08.016+0100 INFO               [main]                         be.pxl.services.services.PostService - Post updated to pending with id: 11
2025-01-13T20:50:08.220+0100 INFO               [main]                         be.pxl.services.services.PostService - Post approved with id: 14
2025-01-13T20:50:08.274+0100 INFO               [main]                         be.pxl.services.services.PostService - Post rejected with id: 15 by Test reviewer
2025-01-13T20:50:08.293+0100 INFO               [main]                         be.pxl.services.services.PostService - Post saved as concept with id: null by Test author
2025-01-13T20:50:08.408+0100 INFO               [main]                         be.pxl.services.services.PostService - Post created with id: 18
2025-01-13T20:50:08.465+0100 INFO               [main]                         be.pxl.services.services.PostService - Post approved with id: 19
2025-01-13T20:50:08.543+0100 INFO               [main]                         be.pxl.services.services.PostService - Post rejected with id: 20 by Test reviewer
2025-01-13T20:50:10.478+0100 INFO               [main]                         be.pxl.services.controller.NotificationControllerTests - Starting NotificationControllerTests using Java 23.0.1 with PID 8444 (started by Gebruiker in C:\Users\Gebruiker\Documents\School\PXL\Fullstack\Java\project-HarleenBhandalPXL\backend-java\Contentbeheer\post-service)
2025-01-13T20:50:10.478+0100 DEBUG              [main]                         be.pxl.services.controller.NotificationControllerTests - Running with Spring Boot v3.3.4, Spring v6.1.13
2025-01-13T20:50:10.478+0100 INFO               [main]                         be.pxl.services.controller.NotificationControllerTests - No active profile set, falling back to 1 default profile: "default"
2025-01-13T20:50:14.159+0100 INFO               [main]                         be.pxl.services.controller.NotificationControllerTests - Started NotificationControllerTests in 4.935 seconds (process running for 80.095)
2025-01-13T20:50:14.251+0100 INFO               [main]                         be.pxl.services.controller.NotificationController - Notification sent: Test notification message
2025-01-13T20:50:14.408+0100 INFO               [main]                         be.pxl.services.services.QueueService - Message received in post-service from myQueue : Test message
