2025-01-12T21:48:21.828+0100 INFO               [main]                         be.pxl.services.controller.ReviewControllerTests - Starting ReviewControllerTests using Java 23.0.1 with PID 54940 (started by Gebruiker in C:\Users\Gebruiker\Documents\School\PXL\Fullstack\Java\project-HarleenBhandalPXL\backend-java\Contentbeheer\review-service)
2025-01-12T21:48:21.829+0100 DEBUG              [main]                         be.pxl.services.controller.ReviewControllerTests - Running with Spring Boot v3.3.4, Spring v6.1.13
2025-01-12T21:48:21.830+0100 INFO               [main]                         be.pxl.services.controller.ReviewControllerTests - No active profile set, falling back to 1 default profile: "default"
2025-01-12T21:48:29.307+0100 INFO               [main]                         be.pxl.services.controller.ReviewControllerTests - Started ReviewControllerTests in 9.711 seconds (process running for 32.855)
2025-01-12T21:48:29.951+0100 INFO               [main]                         be.pxl.services.services.ReviewService - Post with id 1 has been rejected by Test reviewer for the reason: Test comment
2025-01-12T21:48:30.040+0100 INFO               [main]                         be.pxl.services.services.ReviewService - Post with id 1 has been approved
2025-01-12T21:55:54.070+0100 INFO               [main]                         be.pxl.services.controller.ReviewControllerTests - Starting ReviewControllerTests using Java 23.0.1 with PID 42740 (started by Gebruiker in C:\Users\Gebruiker\Documents\School\PXL\Fullstack\Java\project-HarleenBhandalPXL\backend-java\Contentbeheer\review-service)
2025-01-12T21:55:54.072+0100 DEBUG              [main]                         be.pxl.services.controller.ReviewControllerTests - Running with Spring Boot v3.3.4, Spring v6.1.13
2025-01-12T21:55:54.072+0100 INFO               [main]                         be.pxl.services.controller.ReviewControllerTests - No active profile set, falling back to 1 default profile: "default"
2025-01-12T21:56:01.255+0100 INFO               [main]                         be.pxl.services.controller.ReviewControllerTests - Started ReviewControllerTests in 9.422 seconds (process running for 45.019)
2025-01-12T21:56:01.818+0100 INFO               [main]                         be.pxl.services.services.ReviewService - Post with id 1 has been rejected by Test reviewer for the reason: Test comment
2025-01-12T22:00:22.811+0100 INFO               [main]                         be.pxl.services.controller.ReviewControllerTests - Starting ReviewControllerTests using Java 23.0.1 with PID 52320 (started by Gebruiker in C:\Users\Gebruiker\Documents\School\PXL\Fullstack\Java\project-HarleenBhandalPXL\backend-java\Contentbeheer\review-service)
2025-01-12T22:00:22.813+0100 DEBUG              [main]                         be.pxl.services.controller.ReviewControllerTests - Running with Spring Boot v3.3.4, Spring v6.1.13
2025-01-12T22:00:22.813+0100 INFO               [main]                         be.pxl.services.controller.ReviewControllerTests - No active profile set, falling back to 1 default profile: "default"
2025-01-12T22:00:30.279+0100 INFO               [main]                         be.pxl.services.controller.ReviewControllerTests - Started ReviewControllerTests in 9.709 seconds (process running for 33.572)
2025-01-12T22:00:30.792+0100 INFO               [main]                         be.pxl.services.services.ReviewService - Post with id 1 has been rejected by Test reviewer for the reason: Test comment
2025-01-12T22:00:30.891+0100 INFO               [main]                         be.pxl.services.services.ReviewService - Post with id 1 has been approved
2025-01-12T22:03:31.192+0100 INFO               [main]                         be.pxl.services.controller.ReviewControllerTests - Starting ReviewControllerTests using Java 23.0.1 with PID 36700 (started by Gebruiker in C:\Users\Gebruiker\Documents\School\PXL\Fullstack\Java\project-HarleenBhandalPXL\backend-java\Contentbeheer\review-service)
2025-01-12T22:03:31.193+0100 DEBUG              [main]                         be.pxl.services.controller.ReviewControllerTests - Running with Spring Boot v3.3.4, Spring v6.1.13
2025-01-12T22:03:31.194+0100 INFO               [main]                         be.pxl.services.controller.ReviewControllerTests - No active profile set, falling back to 1 default profile: "default"
2025-01-12T22:03:39.303+0100 INFO               [main]                         be.pxl.services.controller.ReviewControllerTests - Started ReviewControllerTests in 10.343 seconds (process running for 32.212)
2025-01-12T22:06:05.176+0100 INFO               [main]                         be.pxl.services.controller.ReviewControllerTests - Starting ReviewControllerTests using Java 23.0.1 with PID 14532 (started by Gebruiker in C:\Users\Gebruiker\Documents\School\PXL\Fullstack\Java\project-HarleenBhandalPXL\backend-java\Contentbeheer\review-service)
2025-01-12T22:06:05.177+0100 DEBUG              [main]                         be.pxl.services.controller.ReviewControllerTests - Running with Spring Boot v3.3.4, Spring v6.1.13
2025-01-12T22:06:05.178+0100 INFO               [main]                         be.pxl.services.controller.ReviewControllerTests - No active profile set, falling back to 1 default profile: "default"
2025-01-12T22:06:12.528+0100 INFO               [main]                         be.pxl.services.controller.ReviewControllerTests - Started ReviewControllerTests in 9.64 seconds (process running for 33.593)
2025-01-12T22:06:12.998+0100 INFO               [main]                         be.pxl.services.services.ReviewService - Post with id 1 has been rejected by Test reviewer for the reason: Test comment
2025-01-12T22:06:13.099+0100 INFO               [main]                         be.pxl.services.services.ReviewService - Post with id 1 has been approved
2025-01-12T22:12:30.605+0100 INFO               [main]                         be.pxl.services.controller.ReviewControllerTests - Starting ReviewControllerTests using Java 23.0.1 with PID 2652 (started by Gebruiker in C:\Users\Gebruiker\Documents\School\PXL\Fullstack\Java\project-HarleenBhandalPXL\backend-java\Contentbeheer\review-service)
2025-01-12T22:12:30.606+0100 DEBUG              [main]                         be.pxl.services.controller.ReviewControllerTests - Running with Spring Boot v3.3.4, Spring v6.1.13
2025-01-12T22:12:30.607+0100 INFO               [main]                         be.pxl.services.controller.ReviewControllerTests - No active profile set, falling back to 1 default profile: "default"
2025-01-12T22:12:38.099+0100 INFO               [main]                         be.pxl.services.controller.ReviewControllerTests - Started ReviewControllerTests in 9.748 seconds (process running for 46.973)
2025-01-12T22:12:38.381+0100 INFO               [main]                         be.pxl.services.services.ReviewService - Post with id 1 has been rejected by Test reviewer for the reason: Test comment
2025-01-12T22:12:38.415+0100 INFO               [main]                         be.pxl.services.services.ReviewService - Post with id 1 has been approved
2025-01-12T22:17:16.770+0100 INFO               [main]                         be.pxl.services.controller.ReviewControllerTests - Starting ReviewControllerTests using Java 23.0.1 with PID 59132 (started by Gebruiker in C:\Users\Gebruiker\Documents\School\PXL\Fullstack\Java\project-HarleenBhandalPXL\backend-java\Contentbeheer\review-service)
2025-01-12T22:17:16.771+0100 DEBUG              [main]                         be.pxl.services.controller.ReviewControllerTests - Running with Spring Boot v3.3.4, Spring v6.1.13
2025-01-12T22:17:16.772+0100 INFO               [main]                         be.pxl.services.controller.ReviewControllerTests - No active profile set, falling back to 1 default profile: "default"
2025-01-12T22:17:24.105+0100 INFO               [main]                         be.pxl.services.controller.ReviewControllerTests - Started ReviewControllerTests in 9.557 seconds (process running for 34.077)
2025-01-12T22:17:24.394+0100 INFO               [main]                         be.pxl.services.services.ReviewService - Post with id 1 has been rejected by Test reviewer for the reason: Test comment
2025-01-12T22:17:24.427+0100 INFO               [main]                         be.pxl.services.services.ReviewService - Post with id 1 has been approved
2025-01-12T23:00:28.887+0100 INFO               [main]                         be.pxl.services.controller.ReviewControllerTests - Starting ReviewControllerTests using Java 23.0.1 with PID 48228 (started by Gebruiker in C:\Users\Gebruiker\Documents\School\PXL\Fullstack\Java\project-HarleenBhandalPXL\backend-java\Contentbeheer\review-service)
2025-01-12T23:00:28.889+0100 DEBUG              [main]                         be.pxl.services.controller.ReviewControllerTests - Running with Spring Boot v3.3.4, Spring v6.1.13
2025-01-12T23:00:28.889+0100 INFO               [main]                         be.pxl.services.controller.ReviewControllerTests - No active profile set, falling back to 1 default profile: "default"
2025-01-12T23:00:38.096+0100 INFO               [main]                         be.pxl.services.controller.ReviewControllerTests - Started ReviewControllerTests in 12.085 seconds (process running for 52.514)
2025-01-12T23:00:38.498+0100 INFO               [main]                         be.pxl.services.services.ReviewService - Post with id 1 has been rejected by Test reviewer for the reason: Test comment
2025-01-12T23:00:38.539+0100 INFO               [main]                         be.pxl.services.services.ReviewService - Post with id 1 has been approved
