2025-01-12T00:57:26.808+0100 INFO               [main]                         be.pxl.services.GatewayServiceApplication - Starting GatewayServiceApplication using Java 23.0.1 with PID 29928 (C:\Users\Gebruiker\Documents\School\PXL\Fullstack\Java\project-HarleenBhandalPXL\backend-java\Contentbeheer\gateway-service\target\classes started by Gebruiker in C:\Users\Gebruiker\Documents\School\PXL\Fullstack\Java\project-HarleenBhandalPXL\backend-java\Contentbeheer)
2025-01-12T00:57:26.817+0100 DEBUG              [main]                         be.pxl.services.GatewayServiceApplication - Running with Spring Boot v3.3.4, Spring v6.1.13
2025-01-12T00:57:26.818+0100 INFO               [main]                         be.pxl.services.GatewayServiceApplication - No active profile set, falling back to 1 default profile: "default"
2025-01-12T00:57:34.893+0100 INFO               [main]                         be.pxl.services.GatewayServiceApplication - Started GatewayServiceApplication in 10.596 seconds (process running for 11.679)
2025-01-12T00:57:55.040+0100 INFO               [main]                         be.pxl.services.PostServiceApplication - Starting PostServiceApplication using Java 23.0.1 with PID 57736 (C:\Users\Gebruiker\Documents\School\PXL\Fullstack\Java\project-HarleenBhandalPXL\backend-java\Contentbeheer\post-service\target\classes started by Gebruiker in C:\Users\Gebruiker\Documents\School\PXL\Fullstack\Java\project-HarleenBhandalPXL\backend-java\Contentbeheer)
2025-01-12T00:57:55.042+0100 DEBUG              [main]                         be.pxl.services.PostServiceApplication - Running with Spring Boot v3.3.4, Spring v6.1.13
2025-01-12T00:57:55.043+0100 INFO               [main]                         be.pxl.services.PostServiceApplication - No active profile set, falling back to 1 default profile: "default"
2025-01-12T00:58:05.112+0100 INFO               [main]                         be.pxl.services.PostServiceApplication - Started PostServiceApplication in 12.581 seconds (process running for 13.624)
2025-01-12T13:10:52.953+0100 INFO               [main]                         be.pxl.services.GatewayServiceApplication - Starting GatewayServiceApplication using Java 23.0.1 with PID 14908 (C:\Users\Gebruiker\Documents\School\PXL\Fullstack\Java\project-HarleenBhandalPXL\backend-java\Contentbeheer\gateway-service\target\classes started by Gebruiker in C:\Users\Gebruiker\Documents\School\PXL\Fullstack\Java\project-HarleenBhandalPXL\backend-java\Contentbeheer)
2025-01-12T13:10:52.954+0100 DEBUG              [main]                         be.pxl.services.GatewayServiceApplication - Running with Spring Boot v3.3.4, Spring v6.1.13
2025-01-12T13:10:52.955+0100 INFO               [main]                         be.pxl.services.GatewayServiceApplication - No active profile set, falling back to 1 default profile: "default"
2025-01-12T13:11:01.017+0100 INFO               [main]                         be.pxl.services.GatewayServiceApplication - Started GatewayServiceApplication in 10.379 seconds (process running for 11.648)
2025-01-12T13:21:37.760+0100 INFO               [main]                         be.pxl.services.PostServiceApplication - Starting PostServiceApplication using Java 23.0.1 with PID 6352 (C:\Users\Gebruiker\Documents\School\PXL\Fullstack\Java\project-HarleenBhandalPXL\backend-java\Contentbeheer\post-service\target\classes started by Gebruiker in C:\Users\Gebruiker\Documents\School\PXL\Fullstack\Java\project-HarleenBhandalPXL\backend-java\Contentbeheer)
2025-01-12T13:21:37.762+0100 DEBUG              [main]                         be.pxl.services.PostServiceApplication - Running with Spring Boot v3.3.4, Spring v6.1.13
2025-01-12T13:21:37.764+0100 INFO               [main]                         be.pxl.services.PostServiceApplication - No active profile set, falling back to 1 default profile: "default"
2025-01-12T13:21:48.499+0100 INFO               [main]                         be.pxl.services.PostServiceApplication - Started PostServiceApplication in 13.293 seconds (process running for 14.172)
2025-01-12T14:44:55.566+0100 INFO               [main]                         be.pxl.services.PostServiceApplication - Starting PostServiceApplication using Java 23.0.1 with PID 25884 (C:\Users\Gebruiker\Documents\School\PXL\Fullstack\Java\project-HarleenBhandalPXL\backend-java\Contentbeheer\post-service\target\classes started by Gebruiker in C:\Users\Gebruiker\Documents\School\PXL\Fullstack\Java\project-HarleenBhandalPXL\backend-java\Contentbeheer)
2025-01-12T14:44:55.567+0100 DEBUG              [main]                         be.pxl.services.PostServiceApplication - Running with Spring Boot v3.3.4, Spring v6.1.13
2025-01-12T14:44:55.569+0100 INFO               [main]                         be.pxl.services.PostServiceApplication - No active profile set, falling back to 1 default profile: "default"
2025-01-12T14:45:03.875+0100 INFO               [main]                         be.pxl.services.PostServiceApplication - Started PostServiceApplication in 10.812 seconds (process running for 11.685)
2025-01-12T14:47:08.664+0100 INFO               [main]                         be.pxl.services.PostServiceApplication - Starting PostServiceApplication using Java 23.0.1 with PID 53140 (C:\Users\Gebruiker\Documents\School\PXL\Fullstack\Java\project-HarleenBhandalPXL\backend-java\Contentbeheer\post-service\target\classes started by Gebruiker in C:\Users\Gebruiker\Documents\School\PXL\Fullstack\Java\project-HarleenBhandalPXL\backend-java\Contentbeheer)
2025-01-12T14:47:08.665+0100 DEBUG              [main]                         be.pxl.services.PostServiceApplication - Running with Spring Boot v3.3.4, Spring v6.1.13
2025-01-12T14:47:08.665+0100 INFO               [main]                         be.pxl.services.PostServiceApplication - No active profile set, falling back to 1 default profile: "default"
2025-01-12T14:47:17.034+0100 INFO               [main]                         be.pxl.services.PostServiceApplication - Started PostServiceApplication in 10.744 seconds (process running for 11.718)
2025-01-12T14:47:30.432+0100 INFO               [main]                         be.pxl.services.GatewayServiceApplication - Starting GatewayServiceApplication using Java 23.0.1 with PID 48952 (C:\Users\Gebruiker\Documents\School\PXL\Fullstack\Java\project-HarleenBhandalPXL\backend-java\Contentbeheer\gateway-service\target\classes started by Gebruiker in C:\Users\Gebruiker\Documents\School\PXL\Fullstack\Java\project-HarleenBhandalPXL\backend-java\Contentbeheer)
2025-01-12T14:47:30.434+0100 DEBUG              [main]                         be.pxl.services.GatewayServiceApplication - Running with Spring Boot v3.3.4, Spring v6.1.13
2025-01-12T14:47:30.435+0100 INFO               [main]                         be.pxl.services.GatewayServiceApplication - No active profile set, falling back to 1 default profile: "default"
2025-01-12T14:47:38.193+0100 INFO               [main]                         be.pxl.services.GatewayServiceApplication - Started GatewayServiceApplication in 10.335 seconds (process running for 11.319)
2025-01-12T14:47:53.985+0100 INFO               [main]                         be.pxl.services.PostServiceApplication - Starting PostServiceApplication using Java 23.0.1 with PID 35344 (C:\Users\Gebruiker\Documents\School\PXL\Fullstack\Java\project-HarleenBhandalPXL\backend-java\Contentbeheer\post-service\target\classes started by Gebruiker in C:\Users\Gebruiker\Documents\School\PXL\Fullstack\Java\project-HarleenBhandalPXL\backend-java\Contentbeheer)
2025-01-12T14:47:53.987+0100 DEBUG              [main]                         be.pxl.services.PostServiceApplication - Running with Spring Boot v3.3.4, Spring v6.1.13
2025-01-12T14:47:53.987+0100 INFO               [main]                         be.pxl.services.PostServiceApplication - No active profile set, falling back to 1 default profile: "default"
2025-01-12T14:48:02.137+0100 INFO               [main]                         be.pxl.services.PostServiceApplication - Started PostServiceApplication in 10.421 seconds (process running for 11.306)
2025-01-12T14:49:28.528+0100 INFO               [main]                         be.pxl.services.GatewayServiceApplication - Starting GatewayServiceApplication using Java 23.0.1 with PID 51592 (C:\Users\Gebruiker\Documents\School\PXL\Fullstack\Java\project-HarleenBhandalPXL\backend-java\Contentbeheer\gateway-service\target\classes started by Gebruiker in C:\Users\Gebruiker\Documents\School\PXL\Fullstack\Java\project-HarleenBhandalPXL\backend-java\Contentbeheer)
2025-01-12T14:49:28.530+0100 DEBUG              [main]                         be.pxl.services.GatewayServiceApplication - Running with Spring Boot v3.3.4, Spring v6.1.13
2025-01-12T14:49:28.530+0100 INFO               [main]                         be.pxl.services.GatewayServiceApplication - No active profile set, falling back to 1 default profile: "default"
2025-01-12T14:49:36.495+0100 INFO               [main]                         be.pxl.services.GatewayServiceApplication - Started GatewayServiceApplication in 10.378 seconds (process running for 11.323)
2025-01-12T14:50:07.840+0100 INFO               [main]                         be.pxl.services.PostServiceApplication - Starting PostServiceApplication using Java 23.0.1 with PID 3356 (C:\Users\Gebruiker\Documents\School\PXL\Fullstack\Java\project-HarleenBhandalPXL\backend-java\Contentbeheer\post-service\target\classes started by Gebruiker in C:\Users\Gebruiker\Documents\School\PXL\Fullstack\Java\project-HarleenBhandalPXL\backend-java\Contentbeheer)
2025-01-12T14:50:07.842+0100 DEBUG              [main]                         be.pxl.services.PostServiceApplication - Running with Spring Boot v3.3.4, Spring v6.1.13
2025-01-12T14:50:07.842+0100 INFO               [main]                         be.pxl.services.PostServiceApplication - No active profile set, falling back to 1 default profile: "default"
2025-01-12T14:50:16.263+0100 INFO               [main]                         be.pxl.services.PostServiceApplication - Started PostServiceApplication in 10.779 seconds (process running for 11.667)
2025-01-12T14:50:39.385+0100 INFO               [main]                         be.pxl.services.GatewayServiceApplication - Starting GatewayServiceApplication using Java 23.0.1 with PID 47228 (C:\Users\Gebruiker\Documents\School\PXL\Fullstack\Java\project-HarleenBhandalPXL\backend-java\Contentbeheer\gateway-service\target\classes started by Gebruiker in C:\Users\Gebruiker\Documents\School\PXL\Fullstack\Java\project-HarleenBhandalPXL\backend-java\Contentbeheer)
2025-01-12T14:50:39.387+0100 DEBUG              [main]                         be.pxl.services.GatewayServiceApplication - Running with Spring Boot v3.3.4, Spring v6.1.13
2025-01-12T14:50:39.388+0100 INFO               [main]                         be.pxl.services.GatewayServiceApplication - No active profile set, falling back to 1 default profile: "default"
2025-01-12T14:50:47.198+0100 INFO               [main]                         be.pxl.services.GatewayServiceApplication - Started GatewayServiceApplication in 10.453 seconds (process running for 11.334)
2025-01-12T14:51:25.396+0100 INFO               [main]                         be.pxl.services.PostServiceApplication - Starting PostServiceApplication using Java 23.0.1 with PID 52712 (C:\Users\Gebruiker\Documents\School\PXL\Fullstack\Java\project-HarleenBhandalPXL\backend-java\Contentbeheer\post-service\target\classes started by Gebruiker in C:\Users\Gebruiker\Documents\School\PXL\Fullstack\Java\project-HarleenBhandalPXL\backend-java\Contentbeheer)
2025-01-12T14:51:25.397+0100 DEBUG              [main]                         be.pxl.services.PostServiceApplication - Running with Spring Boot v3.3.4, Spring v6.1.13
2025-01-12T14:51:25.398+0100 INFO               [main]                         be.pxl.services.PostServiceApplication - No active profile set, falling back to 1 default profile: "default"
2025-01-12T14:51:33.764+0100 INFO               [main]                         be.pxl.services.PostServiceApplication - Started PostServiceApplication in 10.695 seconds (process running for 11.536)
2025-01-12T14:59:01.622+0100 INFO               [http-nio-8081-exec-6]         be.pxl.services.services.PostService - Post approved with id: 707
2025-01-12T14:59:22.470+0100 INFO               [main]                         be.pxl.services.PostServiceApplication - Starting PostServiceApplication using Java 23.0.1 with PID 3404 (C:\Users\Gebruiker\Documents\School\PXL\Fullstack\Java\project-HarleenBhandalPXL\backend-java\Contentbeheer\post-service\target\classes started by Gebruiker in C:\Users\Gebruiker\Documents\School\PXL\Fullstack\Java\project-HarleenBhandalPXL\backend-java\Contentbeheer)
2025-01-12T14:59:22.472+0100 DEBUG              [main]                         be.pxl.services.PostServiceApplication - Running with Spring Boot v3.3.4, Spring v6.1.13
2025-01-12T14:59:22.472+0100 INFO               [main]                         be.pxl.services.PostServiceApplication - No active profile set, falling back to 1 default profile: "default"
2025-01-12T14:59:30.659+0100 INFO               [main]                         be.pxl.services.PostServiceApplication - Started PostServiceApplication in 10.52 seconds (process running for 11.474)
2025-01-12T14:59:36.087+0100 INFO               [http-nio-8081-exec-3]         be.pxl.services.services.PostService - Post updated to pending with id: 705
2025-01-12T15:00:24.824+0100 INFO               [http-nio-8081-exec-8]         be.pxl.services.services.PostService - Post approved with id: 705
2025-01-12T15:13:15.347+0100 INFO               [main]                         be.pxl.services.GatewayServiceApplication - Starting GatewayServiceApplication using Java 23.0.1 with PID 28504 (C:\Users\Gebruiker\Documents\School\PXL\Fullstack\Java\project-HarleenBhandalPXL\backend-java\Contentbeheer\gateway-service\target\classes started by Gebruiker in C:\Users\Gebruiker\Documents\School\PXL\Fullstack\Java\project-HarleenBhandalPXL\backend-java\Contentbeheer)
2025-01-12T15:13:15.349+0100 DEBUG              [main]                         be.pxl.services.GatewayServiceApplication - Running with Spring Boot v3.3.4, Spring v6.1.13
2025-01-12T15:13:15.349+0100 INFO               [main]                         be.pxl.services.GatewayServiceApplication - No active profile set, falling back to 1 default profile: "default"
2025-01-12T15:13:23.263+0100 INFO               [main]                         be.pxl.services.GatewayServiceApplication - Started GatewayServiceApplication in 10.278 seconds (process running for 11.254)
2025-01-12T15:13:54.776+0100 INFO               [main]                         be.pxl.services.PostServiceApplication - Starting PostServiceApplication using Java 23.0.1 with PID 47244 (C:\Users\Gebruiker\Documents\School\PXL\Fullstack\Java\project-HarleenBhandalPXL\backend-java\Contentbeheer\post-service\target\classes started by Gebruiker in C:\Users\Gebruiker\Documents\School\PXL\Fullstack\Java\project-HarleenBhandalPXL\backend-java\Contentbeheer)
2025-01-12T15:13:54.778+0100 DEBUG              [main]                         be.pxl.services.PostServiceApplication - Running with Spring Boot v3.3.4, Spring v6.1.13
2025-01-12T15:13:54.778+0100 INFO               [main]                         be.pxl.services.PostServiceApplication - No active profile set, falling back to 1 default profile: "default"
2025-01-12T15:14:03.411+0100 INFO               [main]                         be.pxl.services.PostServiceApplication - Started PostServiceApplication in 11.14 seconds (process running for 12.116)
2025-01-12T15:18:05.054+0100 INFO               [main]                         be.pxl.services.GatewayServiceApplication - Starting GatewayServiceApplication using Java 23.0.1 with PID 15680 (C:\Users\Gebruiker\Documents\School\PXL\Fullstack\Java\project-HarleenBhandalPXL\backend-java\Contentbeheer\gateway-service\target\classes started by Gebruiker in C:\Users\Gebruiker\Documents\School\PXL\Fullstack\Java\project-HarleenBhandalPXL\backend-java\Contentbeheer)
2025-01-12T15:18:05.056+0100 DEBUG              [main]                         be.pxl.services.GatewayServiceApplication - Running with Spring Boot v3.3.4, Spring v6.1.13
2025-01-12T15:18:05.057+0100 INFO               [main]                         be.pxl.services.GatewayServiceApplication - No active profile set, falling back to 1 default profile: "default"
2025-01-12T15:18:13.249+0100 INFO               [main]                         be.pxl.services.GatewayServiceApplication - Started GatewayServiceApplication in 11.058 seconds (process running for 11.99)
2025-01-12T15:19:30.290+0100 INFO               [main]                         be.pxl.services.GatewayServiceApplication - Starting GatewayServiceApplication using Java 23.0.1 with PID 53588 (C:\Users\Gebruiker\Documents\School\PXL\Fullstack\Java\project-HarleenBhandalPXL\backend-java\Contentbeheer\gateway-service\target\classes started by Gebruiker in C:\Users\Gebruiker\Documents\School\PXL\Fullstack\Java\project-HarleenBhandalPXL\backend-java\Contentbeheer)
2025-01-12T15:19:30.292+0100 DEBUG              [main]                         be.pxl.services.GatewayServiceApplication - Running with Spring Boot v3.3.4, Spring v6.1.13
2025-01-12T15:19:30.292+0100 INFO               [main]                         be.pxl.services.GatewayServiceApplication - No active profile set, falling back to 1 default profile: "default"
2025-01-12T15:19:38.221+0100 INFO               [main]                         be.pxl.services.GatewayServiceApplication - Started GatewayServiceApplication in 10.659 seconds (process running for 11.543)
2025-01-12T15:19:45.803+0100 INFO               [main]                         be.pxl.services.PostServiceApplication - Starting PostServiceApplication using Java 23.0.1 with PID 54032 (C:\Users\Gebruiker\Documents\School\PXL\Fullstack\Java\project-HarleenBhandalPXL\backend-java\Contentbeheer\post-service\target\classes started by Gebruiker in C:\Users\Gebruiker\Documents\School\PXL\Fullstack\Java\project-HarleenBhandalPXL\backend-java\Contentbeheer)
2025-01-12T15:19:45.804+0100 DEBUG              [main]                         be.pxl.services.PostServiceApplication - Running with Spring Boot v3.3.4, Spring v6.1.13
2025-01-12T15:19:45.806+0100 INFO               [main]                         be.pxl.services.PostServiceApplication - No active profile set, falling back to 1 default profile: "default"
2025-01-12T15:19:54.720+0100 INFO               [main]                         be.pxl.services.PostServiceApplication - Started PostServiceApplication in 11.426 seconds (process running for 12.276)
2025-01-12T15:22:23.442+0100 INFO               [main]                         be.pxl.services.PostServiceApplication - Starting PostServiceApplication using Java 23.0.1 with PID 51012 (C:\Users\Gebruiker\Documents\School\PXL\Fullstack\Java\project-HarleenBhandalPXL\backend-java\Contentbeheer\post-service\target\classes started by Gebruiker in C:\Users\Gebruiker\Documents\School\PXL\Fullstack\Java\project-HarleenBhandalPXL\backend-java\Contentbeheer)
2025-01-12T15:22:23.444+0100 DEBUG              [main]                         be.pxl.services.PostServiceApplication - Running with Spring Boot v3.3.4, Spring v6.1.13
2025-01-12T15:22:23.444+0100 INFO               [main]                         be.pxl.services.PostServiceApplication - No active profile set, falling back to 1 default profile: "default"
2025-01-12T15:22:31.685+0100 INFO               [main]                         be.pxl.services.PostServiceApplication - Started PostServiceApplication in 10.537 seconds (process running for 11.428)
2025-01-12T15:23:35.332+0100 INFO               [http-nio-8081-exec-9]         be.pxl.services.services.PostService - Post updated to pending with id: 704
2025-01-12T15:23:39.363+0100 INFO               [http-nio-8081-exec-2]         be.pxl.services.services.PostService - Post approved with id: 704
2025-01-12T15:29:08.093+0100 INFO               [http-nio-8081-exec-7]         be.pxl.services.services.PostService - Post updated to pending with id: 503
2025-01-12T15:29:14.875+0100 INFO               [http-nio-8081-exec-9]         be.pxl.services.services.PostService - Post rejected with id: 503 by Ikke
2025-01-12T15:29:30.950+0100 INFO               [http-nio-8081-exec-1]         be.pxl.services.services.PostService - Post updated to pending with id: 503
2025-01-12T15:33:27.199+0100 INFO               [http-nio-8081-exec-6]         be.pxl.services.services.PostService - Post rejected with id: 503 by Test
2025-01-12T15:35:21.296+0100 INFO               [http-nio-8081-exec-6]         be.pxl.services.services.PostService - Post updated to pending with id: 503
2025-01-12T15:35:26.812+0100 INFO               [http-nio-8081-exec-8]         be.pxl.services.services.PostService - Post rejected with id: 503 by Test
2025-01-12T15:37:27.428+0100 INFO               [http-nio-8081-exec-9]         be.pxl.services.services.PostService - Post updated to pending with id: 652
2025-01-12T15:37:33.772+0100 INFO               [http-nio-8081-exec-6]         be.pxl.services.services.PostService - Post rejected with id: 652 by Test
2025-01-12T15:41:41.917+0100 INFO               [http-nio-8081-exec-9]         be.pxl.services.services.PostService - Post updated to pending with id: 652
2025-01-12T15:41:46.782+0100 INFO               [http-nio-8081-exec-6]         be.pxl.services.services.PostService - Post rejected with id: 652 by Test
2025-01-12T15:44:09.842+0100 INFO               [http-nio-8081-exec-10]        be.pxl.services.services.PostService - Post updated to pending with id: 652
2025-01-12T15:44:15.972+0100 INFO               [http-nio-8081-exec-7]         be.pxl.services.services.PostService - Post rejected with id: 652 by Test
2025-01-12T15:46:37.421+0100 INFO               [http-nio-8081-exec-2]         be.pxl.services.services.PostService - Post updated to pending with id: 652
2025-01-12T15:46:42.408+0100 INFO               [http-nio-8081-exec-8]         be.pxl.services.services.PostService - Post rejected with id: 652 by Test
2025-01-12T15:47:00.822+0100 INFO               [http-nio-8081-exec-7]         be.pxl.services.services.PostService - Post updated to pending with id: 652
2025-01-12T15:47:06.197+0100 INFO               [http-nio-8081-exec-6]         be.pxl.services.services.PostService - Post rejected with id: 652 by Test
2025-01-12T15:49:38.380+0100 INFO               [http-nio-8081-exec-7]         be.pxl.services.services.PostService - Post updated to pending with id: 652
2025-01-12T15:49:43.211+0100 INFO               [http-nio-8081-exec-9]         be.pxl.services.services.PostService - Post rejected with id: 652 by Test
2025-01-12T15:52:03.144+0100 INFO               [http-nio-8081-exec-9]         be.pxl.services.services.PostService - Post updated to pending with id: 652
2025-01-12T15:52:08.715+0100 INFO               [http-nio-8081-exec-10]        be.pxl.services.services.PostService - Post rejected with id: 652 by Reject
2025-01-12T15:55:54.843+0100 INFO               [http-nio-8081-exec-4]         be.pxl.services.services.PostService - Post updated with id: 652
2025-01-12T15:55:58.119+0100 INFO               [http-nio-8081-exec-5]         be.pxl.services.services.PostService - Post updated to pending with id: 652
2025-01-12T15:56:03.429+0100 INFO               [http-nio-8081-exec-8]         be.pxl.services.services.PostService - Post rejected with id: 652 by Test
2025-01-12T15:57:52.312+0100 INFO               [http-nio-8081-exec-7]         be.pxl.services.services.PostService - Post updated to pending with id: 652
2025-01-12T15:58:00.582+0100 INFO               [http-nio-8081-exec-1]         be.pxl.services.services.PostService - Post rejected with id: 652 by Test
2025-01-12T16:04:57.745+0100 INFO               [http-nio-8081-exec-1]         be.pxl.services.services.PostService - Post updated to pending with id: 652
2025-01-12T16:05:02.694+0100 INFO               [http-nio-8081-exec-8]         be.pxl.services.services.PostService - Post rejected with id: 652 by Test
2025-01-12T16:06:35.697+0100 INFO               [http-nio-8081-exec-8]         be.pxl.services.services.PostService - Post updated to pending with id: 652
2025-01-12T16:06:39.938+0100 INFO               [http-nio-8081-exec-6]         be.pxl.services.services.PostService - Post rejected with id: 652 by Test
2025-01-12T16:07:53.894+0100 INFO               [http-nio-8081-exec-7]         be.pxl.services.services.PostService - Post updated to pending with id: 652
2025-01-12T16:08:45.168+0100 INFO               [http-nio-8081-exec-10]        be.pxl.services.services.PostService - Post approved with id: 652
2025-01-12T16:17:39.770+0100 INFO               [http-nio-8081-exec-7]         be.pxl.services.services.PostService - Post updated to pending with id: 503
2025-01-12T16:17:44.335+0100 INFO               [http-nio-8081-exec-3]         be.pxl.services.services.PostService - Post rejected with id: 503 by Test
2025-01-12T16:20:08.299+0100 INFO               [http-nio-8081-exec-8]         be.pxl.services.services.PostService - Post updated to pending with id: 503
2025-01-12T16:20:12.844+0100 INFO               [http-nio-8081-exec-3]         be.pxl.services.services.PostService - Post rejected with id: 503 by Test
2025-01-12T16:20:26.584+0100 INFO               [http-nio-8081-exec-3]         be.pxl.services.services.PostService - Post updated to pending with id: 503
2025-01-12T16:22:02.036+0100 INFO               [http-nio-8081-exec-8]         be.pxl.services.services.PostService - Post rejected with id: 707 by Test
2025-01-12T16:24:55.719+0100 INFO               [http-nio-8081-exec-10]        be.pxl.services.services.PostService - Post rejected with id: 503 by TEST
2025-01-12T16:25:08.984+0100 INFO               [http-nio-8081-exec-4]         be.pxl.services.services.PostService - Post updated to pending with id: 707
2025-01-12T16:25:09.649+0100 INFO               [http-nio-8081-exec-6]         be.pxl.services.services.PostService - Post updated to pending with id: 503
2025-01-12T16:25:15.175+0100 INFO               [http-nio-8081-exec-5]         be.pxl.services.services.PostService - Post rejected with id: 707 by Test
2025-01-12T16:25:16.877+0100 INFO               [http-nio-8081-exec-2]         be.pxl.services.services.PostService - Post approved with id: 503
2025-01-12T16:27:59.927+0100 INFO               [http-nio-8081-exec-3]         be.pxl.services.services.PostService - Post updated to pending with id: 707
2025-01-12T16:28:04.431+0100 INFO               [http-nio-8081-exec-6]         be.pxl.services.services.PostService - Post rejected with id: 707 by Test
2025-01-12T16:28:33.276+0100 INFO               [http-nio-8081-exec-8]         be.pxl.services.services.PostService - Post updated to pending with id: 707
2025-01-12T16:28:37.154+0100 INFO               [http-nio-8081-exec-5]         be.pxl.services.services.PostService - Post rejected with id: 707 by Test
2025-01-12T16:29:58.199+0100 INFO               [http-nio-8081-exec-9]         be.pxl.services.services.PostService - Post updated to pending with id: 707
2025-01-12T16:30:02.061+0100 INFO               [http-nio-8081-exec-5]         be.pxl.services.services.PostService - Post rejected with id: 707 by Test
2025-01-12T16:30:15.839+0100 INFO               [http-nio-8081-exec-3]         be.pxl.services.services.PostService - Post updated to pending with id: 707
2025-01-12T16:30:19.660+0100 INFO               [http-nio-8081-exec-6]         be.pxl.services.services.PostService - Post rejected with id: 707 by Test
2025-01-12T17:42:31.295+0100 INFO               [main]                         be.pxl.services.GatewayServiceApplication - Starting GatewayServiceApplication using Java 23.0.1 with PID 58668 (C:\Users\Gebruiker\Documents\School\PXL\Fullstack\Java\project-HarleenBhandalPXL\backend-java\Contentbeheer\gateway-service\target\classes started by Gebruiker in C:\Users\Gebruiker\Documents\School\PXL\Fullstack\Java\project-HarleenBhandalPXL\backend-java\Contentbeheer)
2025-01-12T17:42:31.297+0100 DEBUG              [main]                         be.pxl.services.GatewayServiceApplication - Running with Spring Boot v3.3.4, Spring v6.1.13
2025-01-12T17:42:31.298+0100 INFO               [main]                         be.pxl.services.GatewayServiceApplication - No active profile set, falling back to 1 default profile: "default"
2025-01-12T17:42:39.228+0100 INFO               [main]                         be.pxl.services.GatewayServiceApplication - Started GatewayServiceApplication in 10.33 seconds (process running for 11.292)
2025-01-12T17:42:48.088+0100 INFO               [main]                         be.pxl.services.PostServiceApplication - Starting PostServiceApplication using Java 23.0.1 with PID 55376 (C:\Users\Gebruiker\Documents\School\PXL\Fullstack\Java\project-HarleenBhandalPXL\backend-java\Contentbeheer\post-service\target\classes started by Gebruiker in C:\Users\Gebruiker\Documents\School\PXL\Fullstack\Java\project-HarleenBhandalPXL\backend-java\Contentbeheer)
2025-01-12T17:42:48.090+0100 DEBUG              [main]                         be.pxl.services.PostServiceApplication - Running with Spring Boot v3.3.4, Spring v6.1.13
2025-01-12T17:42:48.090+0100 INFO               [main]                         be.pxl.services.PostServiceApplication - No active profile set, falling back to 1 default profile: "default"
2025-01-12T17:45:09.533+0100 INFO               [main]                         be.pxl.services.PostServiceApplication - Starting PostServiceApplication using Java 23.0.1 with PID 29816 (C:\Users\Gebruiker\Documents\School\PXL\Fullstack\Java\project-HarleenBhandalPXL\backend-java\Contentbeheer\post-service\target\classes started by Gebruiker in C:\Users\Gebruiker\Documents\School\PXL\Fullstack\Java\project-HarleenBhandalPXL\backend-java\Contentbeheer)
2025-01-12T17:45:09.535+0100 DEBUG              [main]                         be.pxl.services.PostServiceApplication - Running with Spring Boot v3.3.4, Spring v6.1.13
2025-01-12T17:45:09.535+0100 INFO               [main]                         be.pxl.services.PostServiceApplication - No active profile set, falling back to 1 default profile: "default"
2025-01-12T17:52:01.425+0100 INFO               [main]                         be.pxl.services.PostServiceApplication - Starting PostServiceApplication using Java 23.0.1 with PID 50080 (C:\Users\Gebruiker\Documents\School\PXL\Fullstack\Java\project-HarleenBhandalPXL\backend-java\Contentbeheer\post-service\target\classes started by Gebruiker in C:\Users\Gebruiker\Documents\School\PXL\Fullstack\Java\project-HarleenBhandalPXL\backend-java\Contentbeheer)
2025-01-12T17:52:01.427+0100 DEBUG              [main]                         be.pxl.services.PostServiceApplication - Running with Spring Boot v3.3.4, Spring v6.1.13
2025-01-12T17:52:01.428+0100 INFO               [main]                         be.pxl.services.PostServiceApplication - No active profile set, falling back to 1 default profile: "default"
2025-01-12T17:53:11.514+0100 INFO               [main]                         be.pxl.services.PostServiceApplication - Starting PostServiceApplication using Java 23.0.1 with PID 22772 (C:\Users\Gebruiker\Documents\School\PXL\Fullstack\Java\project-HarleenBhandalPXL\backend-java\Contentbeheer\post-service\target\classes started by Gebruiker in C:\Users\Gebruiker\Documents\School\PXL\Fullstack\Java\project-HarleenBhandalPXL\backend-java\Contentbeheer)
2025-01-12T17:53:11.516+0100 DEBUG              [main]                         be.pxl.services.PostServiceApplication - Running with Spring Boot v3.3.4, Spring v6.1.13
2025-01-12T17:53:11.517+0100 INFO               [main]                         be.pxl.services.PostServiceApplication - No active profile set, falling back to 1 default profile: "default"
2025-01-12T17:54:46.585+0100 INFO               [main]                         be.pxl.services.PostServiceApplication - Starting PostServiceApplication using Java 23.0.1 with PID 53936 (C:\Users\Gebruiker\Documents\School\PXL\Fullstack\Java\project-HarleenBhandalPXL\backend-java\Contentbeheer\post-service\target\classes started by Gebruiker in C:\Users\Gebruiker\Documents\School\PXL\Fullstack\Java\project-HarleenBhandalPXL\backend-java\Contentbeheer)
2025-01-12T17:54:46.587+0100 DEBUG              [main]                         be.pxl.services.PostServiceApplication - Running with Spring Boot v3.3.4, Spring v6.1.13
2025-01-12T17:54:46.587+0100 INFO               [main]                         be.pxl.services.PostServiceApplication - No active profile set, falling back to 1 default profile: "default"
2025-01-12T17:58:25.367+0100 INFO               [main]                         be.pxl.services.PostServiceApplication - Starting PostServiceApplication using Java 23.0.1 with PID 24740 (C:\Users\Gebruiker\Documents\School\PXL\Fullstack\Java\project-HarleenBhandalPXL\backend-java\Contentbeheer\post-service\target\classes started by Gebruiker in C:\Users\Gebruiker\Documents\School\PXL\Fullstack\Java\project-HarleenBhandalPXL\backend-java\Contentbeheer)
2025-01-12T17:58:25.369+0100 DEBUG              [main]                         be.pxl.services.PostServiceApplication - Running with Spring Boot v3.3.4, Spring v6.1.13
2025-01-12T17:58:25.370+0100 INFO               [main]                         be.pxl.services.PostServiceApplication - No active profile set, falling back to 1 default profile: "default"
2025-01-12T17:58:34.196+0100 INFO               [main]                         be.pxl.services.PostServiceApplication - Started PostServiceApplication in 11.289 seconds (process running for 12.175)
2025-01-12T18:27:19.124+0100 INFO               [main]                         be.pxl.services.PostServiceApplication - Starting PostServiceApplication using Java 23.0.1 with PID 50644 (C:\Users\Gebruiker\Documents\School\PXL\Fullstack\Java\project-HarleenBhandalPXL\backend-java\Contentbeheer\post-service\target\classes started by Gebruiker in C:\Users\Gebruiker\Documents\School\PXL\Fullstack\Java\project-HarleenBhandalPXL\backend-java\Contentbeheer)
2025-01-12T18:27:19.126+0100 DEBUG              [main]                         be.pxl.services.PostServiceApplication - Running with Spring Boot v3.3.4, Spring v6.1.13
2025-01-12T18:27:19.127+0100 INFO               [main]                         be.pxl.services.PostServiceApplication - No active profile set, falling back to 1 default profile: "default"
2025-01-12T18:27:27.541+0100 INFO               [main]                         be.pxl.services.PostServiceApplication - Started PostServiceApplication in 10.98 seconds (process running for 11.983)
2025-01-12T18:28:51.933+0100 INFO               [main]                         be.pxl.services.GatewayServiceApplication - Starting GatewayServiceApplication using Java 23.0.1 with PID 13996 (C:\Users\Gebruiker\Documents\School\PXL\Fullstack\Java\project-HarleenBhandalPXL\backend-java\Contentbeheer\gateway-service\target\classes started by Gebruiker in C:\Users\Gebruiker\Documents\School\PXL\Fullstack\Java\project-HarleenBhandalPXL\backend-java\Contentbeheer)
2025-01-12T18:28:51.935+0100 DEBUG              [main]                         be.pxl.services.GatewayServiceApplication - Running with Spring Boot v3.3.4, Spring v6.1.13
2025-01-12T18:28:51.935+0100 INFO               [main]                         be.pxl.services.GatewayServiceApplication - No active profile set, falling back to 1 default profile: "default"
2025-01-12T18:28:59.814+0100 INFO               [main]                         be.pxl.services.GatewayServiceApplication - Started GatewayServiceApplication in 10.466 seconds (process running for 11.479)
2025-01-12T18:29:05.534+0100 INFO               [main]                         be.pxl.services.PostServiceApplication - Starting PostServiceApplication using Java 23.0.1 with PID 58360 (C:\Users\Gebruiker\Documents\School\PXL\Fullstack\Java\project-HarleenBhandalPXL\backend-java\Contentbeheer\post-service\target\classes started by Gebruiker in C:\Users\Gebruiker\Documents\School\PXL\Fullstack\Java\project-HarleenBhandalPXL\backend-java\Contentbeheer)
2025-01-12T18:29:05.536+0100 DEBUG              [main]                         be.pxl.services.PostServiceApplication - Running with Spring Boot v3.3.4, Spring v6.1.13
2025-01-12T18:29:05.536+0100 INFO               [main]                         be.pxl.services.PostServiceApplication - No active profile set, falling back to 1 default profile: "default"
2025-01-12T18:29:13.836+0100 INFO               [main]                         be.pxl.services.PostServiceApplication - Started PostServiceApplication in 10.735 seconds (process running for 11.638)
2025-01-12T18:30:47.795+0100 INFO               [http-nio-8081-exec-8]         be.pxl.services.services.PostService - Post created with id: 714
2025-01-12T18:30:53.406+0100 INFO               [http-nio-8081-exec-2]         be.pxl.services.services.PostService - Post rejected with id: 714 by Test
2025-01-12T18:31:10.787+0100 INFO               [http-nio-8081-exec-7]         be.pxl.services.services.PostService - Post created with id: 715
2025-01-12T18:31:19.168+0100 INFO               [http-nio-8081-exec-10]        be.pxl.services.services.PostService - Post rejected with id: 715 by Test
2025-01-12T19:46:40.017+0100 INFO               [main]                         be.pxl.services.GatewayServiceApplication - Starting GatewayServiceApplication using Java 23.0.1 with PID 5620 (C:\Users\Gebruiker\Documents\School\PXL\Fullstack\Java\project-HarleenBhandalPXL\backend-java\Contentbeheer\gateway-service\target\classes started by Gebruiker in C:\Users\Gebruiker\Documents\School\PXL\Fullstack\Java\project-HarleenBhandalPXL\backend-java\Contentbeheer)
2025-01-12T19:46:40.019+0100 DEBUG              [main]                         be.pxl.services.GatewayServiceApplication - Running with Spring Boot v3.3.4, Spring v6.1.13
2025-01-12T19:46:40.019+0100 INFO               [main]                         be.pxl.services.GatewayServiceApplication - No active profile set, falling back to 1 default profile: "default"
2025-01-12T19:46:48.090+0100 INFO               [main]                         be.pxl.services.GatewayServiceApplication - Started GatewayServiceApplication in 10.497 seconds (process running for 11.475)
2025-01-12T19:48:07.380+0100 INFO               [main]                         be.pxl.services.PostServiceApplication - Starting PostServiceApplication using Java 23.0.1 with PID 2916 (C:\Users\Gebruiker\Documents\School\PXL\Fullstack\Java\project-HarleenBhandalPXL\backend-java\Contentbeheer\post-service\target\classes started by Gebruiker in C:\Users\Gebruiker\Documents\School\PXL\Fullstack\Java\project-HarleenBhandalPXL\backend-java\Contentbeheer)
2025-01-12T19:48:07.381+0100 DEBUG              [main]                         be.pxl.services.PostServiceApplication - Running with Spring Boot v3.3.4, Spring v6.1.13
2025-01-12T19:48:07.382+0100 INFO               [main]                         be.pxl.services.PostServiceApplication - No active profile set, falling back to 1 default profile: "default"
2025-01-12T19:48:15.470+0100 INFO               [main]                         be.pxl.services.PostServiceApplication - Started PostServiceApplication in 10.507 seconds (process running for 11.392)
2025-01-12T20:29:01.762+0100 INFO               [main]                         be.pxl.services.GatewayServiceApplication - Starting GatewayServiceApplication using Java 23.0.1 with PID 53100 (C:\Users\Gebruiker\Documents\School\PXL\Fullstack\Java\project-HarleenBhandalPXL\backend-java\Contentbeheer\gateway-service\target\classes started by Gebruiker in C:\Users\Gebruiker\Documents\School\PXL\Fullstack\Java\project-HarleenBhandalPXL\backend-java\Contentbeheer)
2025-01-12T20:29:01.764+0100 DEBUG              [main]                         be.pxl.services.GatewayServiceApplication - Running with Spring Boot v3.3.4, Spring v6.1.13
2025-01-12T20:29:01.765+0100 INFO               [main]                         be.pxl.services.GatewayServiceApplication - No active profile set, falling back to 1 default profile: "default"
2025-01-12T20:29:09.597+0100 INFO               [main]                         be.pxl.services.GatewayServiceApplication - Started GatewayServiceApplication in 10.166 seconds (process running for 11.047)
2025-01-12T20:30:10.052+0100 INFO               [main]                         be.pxl.services.PostServiceApplication - Starting PostServiceApplication using Java 23.0.1 with PID 12748 (C:\Users\Gebruiker\Documents\School\PXL\Fullstack\Java\project-HarleenBhandalPXL\backend-java\Contentbeheer\post-service\target\classes started by Gebruiker in C:\Users\Gebruiker\Documents\School\PXL\Fullstack\Java\project-HarleenBhandalPXL\backend-java\Contentbeheer)
2025-01-12T20:30:10.055+0100 DEBUG              [main]                         be.pxl.services.PostServiceApplication - Running with Spring Boot v3.3.4, Spring v6.1.13
2025-01-12T20:30:10.056+0100 INFO               [main]                         be.pxl.services.PostServiceApplication - No active profile set, falling back to 1 default profile: "default"
2025-01-12T20:30:19.389+0100 INFO               [main]                         be.pxl.services.PostServiceApplication - Started PostServiceApplication in 11.845 seconds (process running for 12.716)
2025-01-12T20:41:16.850+0100 INFO               [main]                         be.pxl.services.GatewayServiceApplication - Starting GatewayServiceApplication using Java 23.0.1 with PID 54152 (C:\Users\Gebruiker\Documents\School\PXL\Fullstack\Java\project-HarleenBhandalPXL\backend-java\Contentbeheer\gateway-service\target\classes started by Gebruiker in C:\Users\Gebruiker\Documents\School\PXL\Fullstack\Java\project-HarleenBhandalPXL\backend-java\Contentbeheer)
2025-01-12T20:41:16.853+0100 DEBUG              [main]                         be.pxl.services.GatewayServiceApplication - Running with Spring Boot v3.3.4, Spring v6.1.13
2025-01-12T20:41:16.853+0100 INFO               [main]                         be.pxl.services.GatewayServiceApplication - No active profile set, falling back to 1 default profile: "default"
2025-01-12T20:41:24.700+0100 INFO               [main]                         be.pxl.services.GatewayServiceApplication - Started GatewayServiceApplication in 10.199 seconds (process running for 11.114)
2025-01-12T20:41:48.820+0100 INFO               [main]                         be.pxl.services.PostServiceApplication - Starting PostServiceApplication using Java 23.0.1 with PID 51228 (C:\Users\Gebruiker\Documents\School\PXL\Fullstack\Java\project-HarleenBhandalPXL\backend-java\Contentbeheer\post-service\target\classes started by Gebruiker in C:\Users\Gebruiker\Documents\School\PXL\Fullstack\Java\project-HarleenBhandalPXL\backend-java\Contentbeheer)
2025-01-12T20:41:48.822+0100 DEBUG              [main]                         be.pxl.services.PostServiceApplication - Running with Spring Boot v3.3.4, Spring v6.1.13
2025-01-12T20:41:48.823+0100 INFO               [main]                         be.pxl.services.PostServiceApplication - No active profile set, falling back to 1 default profile: "default"
2025-01-12T20:41:52.038+0100 INFO               [main]                         be.pxl.services.ReviewServiceApplication - Starting ReviewServiceApplication using Java 23.0.1 with PID 2644 (C:\Users\Gebruiker\Documents\School\PXL\Fullstack\Java\project-HarleenBhandalPXL\backend-java\Contentbeheer\review-service\target\classes started by Gebruiker in C:\Users\Gebruiker\Documents\School\PXL\Fullstack\Java\project-HarleenBhandalPXL\backend-java\Contentbeheer)
2025-01-12T20:41:52.040+0100 DEBUG              [main]                         be.pxl.services.ReviewServiceApplication - Running with Spring Boot v3.3.4, Spring v6.1.13
2025-01-12T20:41:52.041+0100 INFO               [main]                         be.pxl.services.ReviewServiceApplication - No active profile set, falling back to 1 default profile: "default"
2025-01-12T20:41:58.067+0100 INFO               [main]                         be.pxl.services.PostServiceApplication - Started PostServiceApplication in 11.696 seconds (process running for 12.587)
2025-01-12T20:42:00.308+0100 INFO               [main]                         be.pxl.services.ReviewServiceApplication - Started ReviewServiceApplication in 10.716 seconds (process running for 11.75)
2025-01-12T21:42:40.524+0100 INFO               [main]                         be.pxl.services.ReviewServiceApplication - Starting ReviewServiceApplication using Java 23.0.1 with PID 6888 (C:\Users\Gebruiker\Documents\School\PXL\Fullstack\Java\project-HarleenBhandalPXL\backend-java\Contentbeheer\review-service\target\classes started by Gebruiker in C:\Users\Gebruiker\Documents\School\PXL\Fullstack\Java\project-HarleenBhandalPXL\backend-java\Contentbeheer)
2025-01-12T21:42:40.525+0100 DEBUG              [main]                         be.pxl.services.ReviewServiceApplication - Running with Spring Boot v3.3.4, Spring v6.1.13
2025-01-12T21:42:40.526+0100 INFO               [main]                         be.pxl.services.ReviewServiceApplication - No active profile set, falling back to 1 default profile: "default"
2025-01-12T21:42:48.565+0100 INFO               [main]                         be.pxl.services.ReviewServiceApplication - Started ReviewServiceApplication in 10.359 seconds (process running for 11.474)
2025-01-12T21:48:29.782+0100 INFO               [http-nio-8081-exec-10]        be.pxl.services.services.PostService - Post rejected with id: 1 by Test reviewer
2025-01-12T21:48:29.970+0100 INFO               [org.springframework.amqp.rabbit.RabbitListenerEndpointContainer#0-1] be.pxl.services.controller.NotificationController - Notification sent: Post with id 1 has been rejected by Test reviewer for the reason: Test comment
2025-01-12T21:48:29.970+0100 INFO               [org.springframework.amqp.rabbit.RabbitListenerEndpointContainer#0-1] be.pxl.services.services.QueueService - Message received in post-service from myQueue : Post with id 1 has been rejected by Test reviewer for the reason: Test comment
2025-01-12T21:48:30.034+0100 INFO               [http-nio-8081-exec-2]         be.pxl.services.services.PostService - Post approved with id: 1
2025-01-12T21:48:30.043+0100 INFO               [org.springframework.amqp.rabbit.RabbitListenerEndpointContainer#0-1] be.pxl.services.controller.NotificationController - Notification sent: Post with id 1 has been approved
2025-01-12T21:48:30.043+0100 INFO               [org.springframework.amqp.rabbit.RabbitListenerEndpointContainer#0-1] be.pxl.services.services.QueueService - Message received in post-service from myQueue : Post with id 1 has been approved
2025-01-12T21:56:01.629+0100 INFO               [http-nio-8081-exec-5]         be.pxl.services.services.PostService - Post rejected with id: 1 by Test reviewer
2025-01-12T21:56:01.820+0100 INFO               [org.springframework.amqp.rabbit.RabbitListenerEndpointContainer#0-1] be.pxl.services.controller.NotificationController - Notification sent: Post with id 1 has been rejected by Test reviewer for the reason: Test comment
2025-01-12T21:56:01.821+0100 INFO               [org.springframework.amqp.rabbit.RabbitListenerEndpointContainer#0-1] be.pxl.services.services.QueueService - Message received in post-service from myQueue : Post with id 1 has been rejected by Test reviewer for the reason: Test comment
2025-01-12T22:00:30.611+0100 INFO               [http-nio-8081-exec-7]         be.pxl.services.services.PostService - Post rejected with id: 1 by Test reviewer
2025-01-12T22:00:30.794+0100 INFO               [org.springframework.amqp.rabbit.RabbitListenerEndpointContainer#0-1] be.pxl.services.controller.NotificationController - Notification sent: Post with id 1 has been rejected by Test reviewer for the reason: Test comment
2025-01-12T22:00:30.794+0100 INFO               [org.springframework.amqp.rabbit.RabbitListenerEndpointContainer#0-1] be.pxl.services.services.QueueService - Message received in post-service from myQueue : Post with id 1 has been rejected by Test reviewer for the reason: Test comment
2025-01-12T22:00:30.887+0100 INFO               [http-nio-8081-exec-9]         be.pxl.services.services.PostService - Post approved with id: 1
2025-01-12T22:00:30.893+0100 INFO               [org.springframework.amqp.rabbit.RabbitListenerEndpointContainer#0-1] be.pxl.services.controller.NotificationController - Notification sent: Post with id 1 has been approved
2025-01-12T22:00:30.893+0100 INFO               [org.springframework.amqp.rabbit.RabbitListenerEndpointContainer#0-1] be.pxl.services.services.QueueService - Message received in post-service from myQueue : Post with id 1 has been approved
2025-01-12T22:06:12.805+0100 INFO               [http-nio-8081-exec-6]         be.pxl.services.services.PostService - Post rejected with id: 1 by Test reviewer
2025-01-12T22:06:13.001+0100 INFO               [org.springframework.amqp.rabbit.RabbitListenerEndpointContainer#0-1] be.pxl.services.controller.NotificationController - Notification sent: Post with id 1 has been rejected by Test reviewer for the reason: Test comment
2025-01-12T22:06:13.002+0100 INFO               [org.springframework.amqp.rabbit.RabbitListenerEndpointContainer#0-1] be.pxl.services.services.QueueService - Message received in post-service from myQueue : Post with id 1 has been rejected by Test reviewer for the reason: Test comment
2025-01-12T22:06:13.094+0100 INFO               [http-nio-8081-exec-8]         be.pxl.services.services.PostService - Post approved with id: 1
2025-01-12T22:06:13.102+0100 INFO               [org.springframework.amqp.rabbit.RabbitListenerEndpointContainer#0-1] be.pxl.services.controller.NotificationController - Notification sent: Post with id 1 has been approved
2025-01-12T22:06:13.102+0100 INFO               [org.springframework.amqp.rabbit.RabbitListenerEndpointContainer#0-1] be.pxl.services.services.QueueService - Message received in post-service from myQueue : Post with id 1 has been approved
2025-01-12T22:12:38.383+0100 INFO               [org.springframework.amqp.rabbit.RabbitListenerEndpointContainer#0-1] be.pxl.services.controller.NotificationController - Notification sent: Post with id 1 has been rejected by Test reviewer for the reason: Test comment
2025-01-12T22:12:38.383+0100 INFO               [org.springframework.amqp.rabbit.RabbitListenerEndpointContainer#0-1] be.pxl.services.services.QueueService - Message received in post-service from myQueue : Post with id 1 has been rejected by Test reviewer for the reason: Test comment
2025-01-12T22:12:38.417+0100 INFO               [org.springframework.amqp.rabbit.RabbitListenerEndpointContainer#0-1] be.pxl.services.controller.NotificationController - Notification sent: Post with id 1 has been approved
2025-01-12T22:12:38.417+0100 INFO               [org.springframework.amqp.rabbit.RabbitListenerEndpointContainer#0-1] be.pxl.services.services.QueueService - Message received in post-service from myQueue : Post with id 1 has been approved
2025-01-12T22:17:24.396+0100 INFO               [org.springframework.amqp.rabbit.RabbitListenerEndpointContainer#0-1] be.pxl.services.controller.NotificationController - Notification sent: Post with id 1 has been rejected by Test reviewer for the reason: Test comment
2025-01-12T22:17:24.397+0100 INFO               [org.springframework.amqp.rabbit.RabbitListenerEndpointContainer#0-1] be.pxl.services.services.QueueService - Message received in post-service from myQueue : Post with id 1 has been rejected by Test reviewer for the reason: Test comment
2025-01-12T22:17:24.429+0100 INFO               [org.springframework.amqp.rabbit.RabbitListenerEndpointContainer#0-1] be.pxl.services.controller.NotificationController - Notification sent: Post with id 1 has been approved
2025-01-12T22:17:24.429+0100 INFO               [org.springframework.amqp.rabbit.RabbitListenerEndpointContainer#0-1] be.pxl.services.services.QueueService - Message received in post-service from myQueue : Post with id 1 has been approved
2025-01-12T23:00:38.511+0100 INFO               [org.springframework.amqp.rabbit.RabbitListenerEndpointContainer#0-1] be.pxl.services.controller.NotificationController - Notification sent: Post with id 1 has been rejected by Test reviewer for the reason: Test comment
2025-01-12T23:00:38.512+0100 INFO               [org.springframework.amqp.rabbit.RabbitListenerEndpointContainer#0-1] be.pxl.services.services.QueueService - Message received in post-service from myQueue : Post with id 1 has been rejected by Test reviewer for the reason: Test comment
2025-01-12T23:00:38.541+0100 INFO               [org.springframework.amqp.rabbit.RabbitListenerEndpointContainer#0-1] be.pxl.services.controller.NotificationController - Notification sent: Post with id 1 has been approved
2025-01-12T23:00:38.541+0100 INFO               [org.springframework.amqp.rabbit.RabbitListenerEndpointContainer#0-1] be.pxl.services.services.QueueService - Message received in post-service from myQueue : Post with id 1 has been approved
2025-01-12T23:24:37.878+0100 INFO               [main]                         be.pxl.services.GatewayServiceApplication - Starting GatewayServiceApplication using Java 23.0.1 with PID 38556 (C:\Users\Gebruiker\Documents\School\PXL\Fullstack\Java\project-HarleenBhandalPXL\backend-java\Contentbeheer\gateway-service\target\classes started by Gebruiker in C:\Users\Gebruiker\Documents\School\PXL\Fullstack\Java\project-HarleenBhandalPXL\backend-java\Contentbeheer)
2025-01-12T23:24:37.880+0100 DEBUG              [main]                         be.pxl.services.GatewayServiceApplication - Running with Spring Boot v3.3.4, Spring v6.1.13
2025-01-12T23:24:37.881+0100 INFO               [main]                         be.pxl.services.GatewayServiceApplication - No active profile set, falling back to 1 default profile: "default"
2025-01-12T23:24:45.761+0100 INFO               [main]                         be.pxl.services.GatewayServiceApplication - Started GatewayServiceApplication in 10.231 seconds (process running for 11.235)
2025-01-12T23:25:11.841+0100 INFO               [main]                         be.pxl.services.PostServiceApplication - Starting PostServiceApplication using Java 23.0.1 with PID 25268 (C:\Users\Gebruiker\Documents\School\PXL\Fullstack\Java\project-HarleenBhandalPXL\backend-java\Contentbeheer\post-service\target\classes started by Gebruiker in C:\Users\Gebruiker\Documents\School\PXL\Fullstack\Java\project-HarleenBhandalPXL\backend-java\Contentbeheer)
2025-01-12T23:25:11.843+0100 DEBUG              [main]                         be.pxl.services.PostServiceApplication - Running with Spring Boot v3.3.4, Spring v6.1.13
2025-01-12T23:25:11.843+0100 INFO               [main]                         be.pxl.services.PostServiceApplication - No active profile set, falling back to 1 default profile: "default"
2025-01-12T23:25:14.511+0100 INFO               [main]                         be.pxl.services.ReviewServiceApplication - Starting ReviewServiceApplication using Java 23.0.1 with PID 59328 (C:\Users\Gebruiker\Documents\School\PXL\Fullstack\Java\project-HarleenBhandalPXL\backend-java\Contentbeheer\review-service\target\classes started by Gebruiker in C:\Users\Gebruiker\Documents\School\PXL\Fullstack\Java\project-HarleenBhandalPXL\backend-java\Contentbeheer)
2025-01-12T23:25:14.512+0100 DEBUG              [main]                         be.pxl.services.ReviewServiceApplication - Running with Spring Boot v3.3.4, Spring v6.1.13
2025-01-12T23:25:14.513+0100 INFO               [main]                         be.pxl.services.ReviewServiceApplication - No active profile set, falling back to 1 default profile: "default"
2025-01-12T23:25:21.140+0100 INFO               [main]                         be.pxl.services.PostServiceApplication - Started PostServiceApplication in 11.746 seconds (process running for 12.608)
2025-01-12T23:25:22.892+0100 INFO               [main]                         be.pxl.services.ReviewServiceApplication - Started ReviewServiceApplication in 10.913 seconds (process running for 11.837)
2025-01-12T23:27:54.841+0100 INFO               [http-nio-8081-exec-6]         be.pxl.services.services.PostService - Post created with id: 716
2025-01-12T23:28:00.889+0100 INFO               [http-nio-8081-exec-9]         be.pxl.services.services.PostService - Post saved as concept with id: null by qdgqdgq
2025-01-12T23:28:00.921+0100 INFO               [http-nio-8081-exec-1]         be.pxl.services.services.PostService - Post created with id: 718
2025-01-12T23:28:16.755+0100 INFO               [http-nio-8081-exec-5]         be.pxl.services.services.PostService - Post rejected with id: 718 by Test
2025-01-12T23:28:16.915+0100 INFO               [http-nio-8082-exec-1]         be.pxl.services.services.ReviewService - Post with id 718 has been rejected by Test for the reason: Test
2025-01-12T23:28:16.925+0100 INFO               [org.springframework.amqp.rabbit.RabbitListenerEndpointContainer#0-1] be.pxl.services.controller.NotificationController - Notification sent: Post with id 718 has been rejected by Test for the reason: Test
2025-01-12T23:28:16.925+0100 INFO               [org.springframework.amqp.rabbit.RabbitListenerEndpointContainer#0-1] be.pxl.services.services.QueueService - Message received in post-service from myQueue : Post with id 718 has been rejected by Test for the reason: Test
2025-01-12T23:28:35.913+0100 INFO               [http-nio-8081-exec-3]         be.pxl.services.services.PostService - Post updated to pending with id: 718
2025-01-12T23:28:41.827+0100 INFO               [http-nio-8081-exec-7]         be.pxl.services.services.PostService - Post rejected with id: 716 by Test
2025-01-12T23:28:41.829+0100 INFO               [http-nio-8082-exec-2]         be.pxl.services.services.ReviewService - Post with id 716 has been rejected by Test for the reason: Test
2025-01-12T23:28:41.834+0100 INFO               [org.springframework.amqp.rabbit.RabbitListenerEndpointContainer#0-1] be.pxl.services.controller.NotificationController - Notification sent: Post with id 716 has been rejected by Test for the reason: Test
2025-01-12T23:28:41.834+0100 INFO               [org.springframework.amqp.rabbit.RabbitListenerEndpointContainer#0-1] be.pxl.services.services.QueueService - Message received in post-service from myQueue : Post with id 716 has been rejected by Test for the reason: Test
2025-01-12T23:28:55.334+0100 INFO               [http-nio-8081-exec-10]        be.pxl.services.services.PostService - Post approved with id: 718
2025-01-12T23:28:55.339+0100 INFO               [http-nio-8082-exec-3]         be.pxl.services.services.ReviewService - Post with id 718 has been approved
2025-01-12T23:28:55.341+0100 INFO               [org.springframework.amqp.rabbit.RabbitListenerEndpointContainer#0-1] be.pxl.services.controller.NotificationController - Notification sent: Post with id 718 has been approved
2025-01-12T23:28:55.341+0100 INFO               [org.springframework.amqp.rabbit.RabbitListenerEndpointContainer#0-1] be.pxl.services.services.QueueService - Message received in post-service from myQueue : Post with id 718 has been approved
