2025-01-13T17:13:11.108+0100 INFO               [main]                         be.pxl.services.GatewayServiceApplication - Starting GatewayServiceApplication using Java 23.0.1 with PID 50256 (C:\Users\Gebruiker\Documents\School\PXL\Fullstack\Java\project-HarleenBhandalPXL\backend-java\Contentbeheer\gateway-service\target\classes started by Gebruiker in C:\Users\Gebruiker\Documents\School\PXL\Fullstack\Java\project-HarleenBhandalPXL\backend-java\Contentbeheer)
2025-01-13T17:13:11.119+0100 DEBUG              [main]                         be.pxl.services.GatewayServiceApplication - Running with Spring Boot v3.3.4, Spring v6.1.13
2025-01-13T17:13:11.119+0100 INFO               [main]                         be.pxl.services.GatewayServiceApplication - No active profile set, falling back to 1 default profile: "default"
2025-01-13T17:13:19.535+0100 INFO               [main]                         be.pxl.services.GatewayServiceApplication - Started GatewayServiceApplication in 10.834 seconds (process running for 11.835)
2025-01-13T17:13:29.486+0100 INFO               [main]                         be.pxl.services.PostServiceApplication - Starting PostServiceApplication using Java 23.0.1 with PID 50680 (C:\Users\Gebruiker\Documents\School\PXL\Fullstack\Java\project-HarleenBhandalPXL\backend-java\Contentbeheer\post-service\target\classes started by Gebruiker in C:\Users\Gebruiker\Documents\School\PXL\Fullstack\Java\project-HarleenBhandalPXL\backend-java\Contentbeheer)
2025-01-13T17:13:29.488+0100 DEBUG              [main]                         be.pxl.services.PostServiceApplication - Running with Spring Boot v3.3.4, Spring v6.1.13
2025-01-13T17:13:29.489+0100 INFO               [main]                         be.pxl.services.PostServiceApplication - No active profile set, falling back to 1 default profile: "default"
2025-01-13T17:13:32.279+0100 INFO               [main]                         be.pxl.services.ReviewServiceApplication - Starting ReviewServiceApplication using Java 23.0.1 with PID 22256 (C:\Users\Gebruiker\Documents\School\PXL\Fullstack\Java\project-HarleenBhandalPXL\backend-java\Contentbeheer\review-service\target\classes started by Gebruiker in C:\Users\Gebruiker\Documents\School\PXL\Fullstack\Java\project-HarleenBhandalPXL\backend-java\Contentbeheer)
2025-01-13T17:13:32.281+0100 DEBUG              [main]                         be.pxl.services.ReviewServiceApplication - Running with Spring Boot v3.3.4, Spring v6.1.13
2025-01-13T17:13:32.282+0100 INFO               [main]                         be.pxl.services.ReviewServiceApplication - No active profile set, falling back to 1 default profile: "default"
2025-01-13T17:13:39.302+0100 INFO               [main]                         be.pxl.services.PostServiceApplication - Started PostServiceApplication in 12.319 seconds (process running for 13.229)
2025-01-13T17:13:40.900+0100 INFO               [main]                         be.pxl.services.ReviewServiceApplication - Started ReviewServiceApplication in 11.18 seconds (process running for 12.189)
2025-01-13T20:41:37.259+0100 INFO               [main]                         be.pxl.services.GatewayServiceApplication - Starting GatewayServiceApplication using Java 23.0.1 with PID 56368 (C:\Users\Gebruiker\Documents\School\PXL\Fullstack\Java\project-HarleenBhandalPXL\backend-java\Contentbeheer\gateway-service\target\classes started by Gebruiker in C:\Users\Gebruiker\Documents\School\PXL\Fullstack\Java\project-HarleenBhandalPXL\backend-java\Contentbeheer)
2025-01-13T20:41:37.260+0100 DEBUG              [main]                         be.pxl.services.GatewayServiceApplication - Running with Spring Boot v3.3.4, Spring v6.1.13
2025-01-13T20:41:37.261+0100 INFO               [main]                         be.pxl.services.GatewayServiceApplication - No active profile set, falling back to 1 default profile: "default"
2025-01-13T20:41:45.249+0100 INFO               [main]                         be.pxl.services.GatewayServiceApplication - Started GatewayServiceApplication in 10.386 seconds (process running for 11.281)
2025-01-13T20:41:52.464+0100 INFO               [main]                         be.pxl.services.PostServiceApplication - Starting PostServiceApplication using Java 23.0.1 with PID 50692 (C:\Users\Gebruiker\Documents\School\PXL\Fullstack\Java\project-HarleenBhandalPXL\backend-java\Contentbeheer\post-service\target\classes started by Gebruiker in C:\Users\Gebruiker\Documents\School\PXL\Fullstack\Java\project-HarleenBhandalPXL\backend-java\Contentbeheer)
2025-01-13T20:41:52.466+0100 DEBUG              [main]                         be.pxl.services.PostServiceApplication - Running with Spring Boot v3.3.4, Spring v6.1.13
2025-01-13T20:41:52.466+0100 INFO               [main]                         be.pxl.services.PostServiceApplication - No active profile set, falling back to 1 default profile: "default"
2025-01-13T20:41:56.012+0100 INFO               [main]                         be.pxl.services.ReviewServiceApplication - Starting ReviewServiceApplication using Java 23.0.1 with PID 58040 (C:\Users\Gebruiker\Documents\School\PXL\Fullstack\Java\project-HarleenBhandalPXL\backend-java\Contentbeheer\review-service\target\classes started by Gebruiker in C:\Users\Gebruiker\Documents\School\PXL\Fullstack\Java\project-HarleenBhandalPXL\backend-java\Contentbeheer)
2025-01-13T20:41:56.015+0100 DEBUG              [main]                         be.pxl.services.ReviewServiceApplication - Running with Spring Boot v3.3.4, Spring v6.1.13
2025-01-13T20:41:56.016+0100 INFO               [main]                         be.pxl.services.ReviewServiceApplication - No active profile set, falling back to 1 default profile: "default"
2025-01-13T20:42:03.098+0100 INFO               [main]                         be.pxl.services.PostServiceApplication - Started PostServiceApplication in 13.386 seconds (process running for 14.333)
2025-01-13T20:42:05.358+0100 INFO               [main]                         be.pxl.services.ReviewServiceApplication - Started ReviewServiceApplication in 11.993 seconds (process running for 13.135)
2025-01-13T20:51:51.330+0100 INFO               [org.springframework.amqp.rabbit.RabbitListenerEndpointContainer#0-1] be.pxl.services.controller.NotificationController - Notification sent: Post with id 1 has been rejected by Test reviewer for the reason: Test comment
2025-01-13T20:51:51.330+0100 INFO               [org.springframework.amqp.rabbit.RabbitListenerEndpointContainer#0-1] be.pxl.services.services.QueueService - Message received in post-service from myQueue : Post with id 1 has been rejected by Test reviewer for the reason: Test comment
2025-01-13T20:51:51.379+0100 INFO               [org.springframework.amqp.rabbit.RabbitListenerEndpointContainer#0-1] be.pxl.services.controller.NotificationController - Notification sent: Post with id 1 has been approved
2025-01-13T20:51:51.379+0100 INFO               [org.springframework.amqp.rabbit.RabbitListenerEndpointContainer#0-1] be.pxl.services.services.QueueService - Message received in post-service from myQueue : Post with id 1 has been approved
2025-01-13T20:56:29.951+0100 INFO               [http-nio-8081-exec-7]         be.pxl.services.services.PostService - Post created with id: 719
2025-01-13T21:00:11.714+0100 INFO               [http-nio-8081-exec-6]         be.pxl.services.services.PostService - Post created with id: 720
2025-01-13T21:00:11.731+0100 INFO               [http-nio-8081-exec-7]         be.pxl.services.services.PostService - Post saved as concept with id: null by Dries
2025-01-13T21:00:29.129+0100 INFO               [http-nio-8081-exec-10]        be.pxl.services.services.PostService - Post updated with id: 721
2025-01-13T21:00:52.514+0100 INFO               [http-nio-8081-exec-5]         be.pxl.services.services.PostService - Post updated to pending with id: 721
2025-01-13T21:01:42.054+0100 INFO               [http-nio-8081-exec-4]         be.pxl.services.services.PostService - Post rejected with id: 721 by Harry
2025-01-13T21:01:42.186+0100 INFO               [http-nio-8082-exec-1]         be.pxl.services.services.ReviewService - Post with id 721 has been rejected by Harry for the reason: Niet goed
2025-01-13T21:01:42.188+0100 INFO               [org.springframework.amqp.rabbit.RabbitListenerEndpointContainer#0-1] be.pxl.services.controller.NotificationController - Notification sent: Post with id 721 has been rejected by Harry for the reason: Niet goed
2025-01-13T21:01:42.188+0100 INFO               [org.springframework.amqp.rabbit.RabbitListenerEndpointContainer#0-1] be.pxl.services.services.QueueService - Message received in post-service from myQueue : Post with id 721 has been rejected by Harry for the reason: Niet goed
