2025-01-10T20:33:30.192+0100 INFO               [main]                         be.pxl.services.GatewayServiceApplication - Starting GatewayServiceApplication using Java 23.0.1 with PID 40088 (C:\Users\Gebruiker\Documents\School\PXL\Fullstack\Java\project-HarleenBhandalPXL\backend-java\Contentbeheer\gateway-service\target\classes started by Gebruiker in C:\Users\Gebruiker\Documents\School\PXL\Fullstack\Java\project-HarleenBhandalPXL\backend-java\Contentbeheer)
2025-01-10T20:33:30.201+0100 DEBUG              [main]                         be.pxl.services.GatewayServiceApplication - Running with Spring Boot v3.3.4, Spring v6.1.13
2025-01-10T20:33:30.202+0100 INFO               [main]                         be.pxl.services.GatewayServiceApplication - No active profile set, falling back to 1 default profile: "default"
2025-01-10T20:33:38.352+0100 INFO               [main]                         be.pxl.services.GatewayServiceApplication - Started GatewayServiceApplication in 10.546 seconds (process running for 11.958)
2025-01-10T20:33:47.177+0100 INFO               [main]                         be.pxl.services.PostServiceApplication - Starting PostServiceApplication using Java 23.0.1 with PID 38736 (C:\Users\Gebruiker\Documents\School\PXL\Fullstack\Java\project-HarleenBhandalPXL\backend-java\Contentbeheer\post-service\target\classes started by Gebruiker in C:\Users\Gebruiker\Documents\School\PXL\Fullstack\Java\project-HarleenBhandalPXL\backend-java\Contentbeheer)
2025-01-10T20:33:47.179+0100 DEBUG              [main]                         be.pxl.services.PostServiceApplication - Running with Spring Boot v3.3.4, Spring v6.1.13
2025-01-10T20:33:47.179+0100 INFO               [main]                         be.pxl.services.PostServiceApplication - No active profile set, falling back to 1 default profile: "default"
2025-01-10T20:33:55.670+0100 INFO               [main]                         be.pxl.services.PostServiceApplication - Started PostServiceApplication in 10.877 seconds (process running for 11.736)
2025-01-10T20:43:20.192+0100 INFO               [main]                         be.pxl.services.PostServiceApplication - Starting PostServiceApplication using Java 23.0.1 with PID 54648 (C:\Users\Gebruiker\Documents\School\PXL\Fullstack\Java\project-HarleenBhandalPXL\backend-java\Contentbeheer\post-service\target\classes started by Gebruiker in C:\Users\Gebruiker\Documents\School\PXL\Fullstack\Java\project-HarleenBhandalPXL\backend-java\Contentbeheer)
2025-01-10T20:43:20.193+0100 DEBUG              [main]                         be.pxl.services.PostServiceApplication - Running with Spring Boot v3.3.4, Spring v6.1.13
2025-01-10T20:43:20.194+0100 INFO               [main]                         be.pxl.services.PostServiceApplication - No active profile set, falling back to 1 default profile: "default"
2025-01-10T20:43:28.161+0100 INFO               [main]                         be.pxl.services.PostServiceApplication - Started PostServiceApplication in 10.325 seconds (process running for 11.18)
2025-01-10T21:00:26.691+0100 INFO               [main]                         be.pxl.services.PostServiceApplication - Starting PostServiceApplication using Java 23.0.1 with PID 46276 (C:\Users\Gebruiker\Documents\School\PXL\Fullstack\Java\project-HarleenBhandalPXL\backend-java\Contentbeheer\post-service\target\classes started by Gebruiker in C:\Users\Gebruiker\Documents\School\PXL\Fullstack\Java\project-HarleenBhandalPXL\backend-java\Contentbeheer)
2025-01-10T21:00:26.692+0100 DEBUG              [main]                         be.pxl.services.PostServiceApplication - Running with Spring Boot v3.3.4, Spring v6.1.13
2025-01-10T21:00:26.693+0100 INFO               [main]                         be.pxl.services.PostServiceApplication - No active profile set, falling back to 1 default profile: "default"
2025-01-10T21:00:34.653+0100 INFO               [main]                         be.pxl.services.PostServiceApplication - Started PostServiceApplication in 10.242 seconds (process running for 11.135)
2025-01-10T21:01:39.853+0100 INFO               [http-nio-8081-exec-1]         be.pxl.services.services.PostService - Post saved as concept with id: null by Test
2025-01-10T21:02:09.612+0100 INFO               [http-nio-8081-exec-2]         be.pxl.services.services.PostService - Post saved as concept with id: null by Test
2025-01-10T21:06:42.610+0100 INFO               [http-nio-8081-exec-3]         be.pxl.services.services.PostService - Post saved as concept with id: null by Test
2025-01-10T21:08:20.888+0100 INFO               [http-nio-8081-exec-7]         be.pxl.services.services.PostService - Post saved as concept with id: null by Test
2025-01-10T21:08:48.477+0100 INFO               [http-nio-8081-exec-6]         be.pxl.services.services.PostService - Post saved as concept with id: null by Test
2025-01-10T21:09:16.685+0100 INFO               [http-nio-8081-exec-8]         be.pxl.services.services.PostService - Post created with id: 706
2025-01-10T22:20:04.703+0100 INFO               [http-nio-8081-exec-2]         be.pxl.services.services.PostService - Post approved with id: 706
2025-01-10T22:29:21.767+0100 INFO               [http-nio-8081-exec-3]         be.pxl.services.services.PostService - Post saved as concept with id: null by Test
2025-01-10T22:29:25.497+0100 INFO               [http-nio-8081-exec-7]         be.pxl.services.services.PostService - Post updated with id: 707
2025-01-10T22:36:42.637+0100 INFO               [http-nio-8081-exec-3]         be.pxl.services.services.PostService - Post created with id: 708
2025-01-10T22:36:46.406+0100 INFO               [http-nio-8081-exec-6]         be.pxl.services.services.PostService - Post created with id: 709
2025-01-10T22:38:02.687+0100 INFO               [http-nio-8081-exec-6]         be.pxl.services.services.PostService - Post created with id: 710
2025-01-10T22:38:07.298+0100 INFO               [http-nio-8081-exec-7]         be.pxl.services.services.PostService - Post created with id: 711
2025-01-10T22:43:28.297+0100 INFO               [main]                         be.pxl.services.PostServiceApplication - Starting PostServiceApplication using Java 23.0.1 with PID 46336 (C:\Users\Gebruiker\Documents\School\PXL\Fullstack\Java\project-HarleenBhandalPXL\backend-java\Contentbeheer\post-service\target\classes started by Gebruiker in C:\Users\Gebruiker\Documents\School\PXL\Fullstack\Java\project-HarleenBhandalPXL\backend-java\Contentbeheer)
2025-01-10T22:43:28.299+0100 DEBUG              [main]                         be.pxl.services.PostServiceApplication - Running with Spring Boot v3.3.4, Spring v6.1.13
2025-01-10T22:43:28.299+0100 INFO               [main]                         be.pxl.services.PostServiceApplication - No active profile set, falling back to 1 default profile: "default"
2025-01-10T22:43:37.562+0100 INFO               [main]                         be.pxl.services.PostServiceApplication - Started PostServiceApplication in 12.73 seconds (process running for 13.844)
2025-01-10T22:44:36.110+0100 INFO               [main]                         be.pxl.services.PostServiceApplication - Starting PostServiceApplication using Java 23.0.1 with PID 58000 (C:\Users\Gebruiker\Documents\School\PXL\Fullstack\Java\project-HarleenBhandalPXL\backend-java\Contentbeheer\post-service\target\classes started by Gebruiker in C:\Users\Gebruiker\Documents\School\PXL\Fullstack\Java\project-HarleenBhandalPXL\backend-java\Contentbeheer)
2025-01-10T22:44:36.112+0100 DEBUG              [main]                         be.pxl.services.PostServiceApplication - Running with Spring Boot v3.3.4, Spring v6.1.13
2025-01-10T22:44:36.112+0100 INFO               [main]                         be.pxl.services.PostServiceApplication - No active profile set, falling back to 1 default profile: "default"
2025-01-10T22:44:44.645+0100 INFO               [main]                         be.pxl.services.PostServiceApplication - Started PostServiceApplication in 10.972 seconds (process running for 11.863)
2025-01-10T22:47:13.561+0100 INFO               [http-nio-8081-exec-1]         be.pxl.services.services.PostService - Post updated to pending with id: 707
